c:\users\silen\documents\uni\i3d\a_1\i3d\vs\x64\debug\vc142.pdb
c:\users\silen\documents\uni\i3d\a_1\i3d\vs\x64\debug\vc142.idb
c:\users\silen\documents\uni\i3d\a_1\i3d\vs\x64\debug\util.obj
c:\users\silen\documents\uni\i3d\a_1\i3d\vs\x64\debug\main.obj
c:\users\silen\documents\uni\i3d\a_1\i3d\vs\x64\debug\cannonball.obj
c:\users\silen\documents\uni\i3d\a_1\i3d\vs\x64\debug\draw.obj
c:\users\silen\documents\uni\i3d\a_1\i3d\vs\x64\debug\list.obj
c:\users\silen\documents\uni\i3d\a_1\i3d\vs\x64\debug\collision.obj
c:\users\silen\documents\uni\i3d\a_1\i3d\vs\x64\debug\boat.obj
c:\users\silen\documents\uni\i3d\a_1\i3d\vs\\..\i3d64dbg.pdb
c:\users\silen\documents\uni\i3d\a_1\i3d\vs\x64\debug\i3d.tlog\cl.command.1.tlog
c:\users\silen\documents\uni\i3d\a_1\i3d\vs\x64\debug\i3d.tlog\cl.read.1.tlog
c:\users\silen\documents\uni\i3d\a_1\i3d\vs\x64\debug\i3d.tlog\cl.write.1.tlog
c:\users\silen\documents\uni\i3d\a_1\i3d\vs\x64\debug\i3d.tlog\link-cvtres.read.1.tlog
c:\users\silen\documents\uni\i3d\a_1\i3d\vs\x64\debug\i3d.tlog\link-cvtres.write.1.tlog
c:\users\silen\documents\uni\i3d\a_1\i3d\vs\x64\debug\i3d.tlog\link-rc.read.1.tlog
c:\users\silen\documents\uni\i3d\a_1\i3d\vs\x64\debug\i3d.tlog\link-rc.write.1.tlog
c:\users\silen\documents\uni\i3d\a_1\i3d\vs\x64\debug\i3d.tlog\link.25812-cvtres.read.1.tlog
c:\users\silen\documents\uni\i3d\a_1\i3d\vs\x64\debug\i3d.tlog\link.25812-cvtres.write.1.tlog
c:\users\silen\documents\uni\i3d\a_1\i3d\vs\x64\debug\i3d.tlog\link.25812-rc.read.1.tlog
c:\users\silen\documents\uni\i3d\a_1\i3d\vs\x64\debug\i3d.tlog\link.25812-rc.write.1.tlog
c:\users\silen\documents\uni\i3d\a_1\i3d\vs\x64\debug\i3d.tlog\link.25812.read.1.tlog
c:\users\silen\documents\uni\i3d\a_1\i3d\vs\x64\debug\i3d.tlog\link.25812.write.1.tlog
c:\users\silen\documents\uni\i3d\a_1\i3d\vs\x64\debug\i3d.tlog\link.command.1.tlog
c:\users\silen\documents\uni\i3d\a_1\i3d\vs\x64\debug\i3d.tlog\link.read.1.tlog
c:\users\silen\documents\uni\i3d\a_1\i3d\vs\x64\debug\i3d.tlog\link.write.1.tlog
